0 info it worked if it ends with ok
1 verbose cli [ 'C:\\Program Files\\nodejs\\node.exe',
1 verbose cli   'C:\\Program Files\\nodejs\\node_modules\\npm\\bin\\npm-cli.js',
1 verbose cli   'run',
1 verbose cli   'dev' ]
2 info using npm@3.10.10
3 info using node@v6.11.2
4 verbose run-script [ 'predev', 'dev', 'postdev' ]
5 info lifecycle webpackstudy@1.0.0~predev: webpackstudy@1.0.0
6 silly lifecycle webpackstudy@1.0.0~predev: no script for predev, continuing
7 info lifecycle webpackstudy@1.0.0~dev: webpackstudy@1.0.0
8 verbose lifecycle webpackstudy@1.0.0~dev: unsafe-perm in lifecycle true
9 verbose lifecycle webpackstudy@1.0.0~dev: PATH: C:\Program Files\nodejs\node_modules\npm\bin\node-gyp-bin;E:\vue\dome\4-day\rms\node_modules\.bin;C:\windows\system32;C:\windows;C:\windows\System32\Wbem;C:\windows\System32\WindowsPowerShell\v1.0\;C:\Program Files (x86)\ATI Technologies\ATI.ACE\Core-Static;C:\Program Files\TortoiseSVN\bin;C:\Program Files\nodejs\;E:\vscode\Microsoft VS Code\bin;C:\Program Files\MongoDB\Server\3.4\bin;C:\Users\Administrator\AppData\Roaming\npm
10 verbose lifecycle webpackstudy@1.0.0~dev: CWD: E:\vue\dome\4-day\rms
11 silly lifecycle webpackstudy@1.0.0~dev: Args: [ '/d /s /c',
11 silly lifecycle   'webpack-dev-server --inline --hot --open --port 7070 --host 127.0.0.1' ]
12 silly lifecycle webpackstudy@1.0.0~dev: Returned: code: 3221225786  signal: null
13 info lifecycle webpackstudy@1.0.0~dev: Failed to exec dev script
14 verbose stack Error: webpackstudy@1.0.0 dev: `webpack-dev-server --inline --hot --open --port 7070 --host 127.0.0.1`
14 verbose stack Exit status 3221225786
14 verbose stack     at EventEmitter.<anonymous> (C:\Program Files\nodejs\node_modules\npm\lib\utils\lifecycle.js:255:16)
14 verbose stack     at emitTwo (events.js:106:13)
14 verbose stack     at EventEmitter.emit (events.js:191:7)
14 verbose stack     at ChildProcess.<anonymous> (C:\Program Files\nodejs\node_modules\npm\lib\utils\spawn.js:40:14)
14 verbose stack     at emitTwo (events.js:106:13)
14 verbose stack     at ChildProcess.emit (events.js:191:7)
14 verbose stack     at maybeClose (internal/child_process.js:891:16)
14 verbose stack     at Process.ChildProcess._handle.onexit (internal/child_process.js:226:5)
15 verbose pkgid webpackstudy@1.0.0
16 verbose cwd E:\vue\dome\4-day\rms\src
17 error Windows_NT 10.0.10586
18 error argv "C:\\Program Files\\nodejs\\node.exe" "C:\\Program Files\\nodejs\\node_modules\\npm\\bin\\npm-cli.js" "run" "dev"
19 error node v6.11.2
20 error npm  v3.10.10
21 error code ELIFECYCLE
22 error webpackstudy@1.0.0 dev: `webpack-dev-server --inline --hot --open --port 7070 --host 127.0.0.1`
22 error Exit status 3221225786
23 error Failed at the webpackstudy@1.0.0 dev script 'webpack-dev-server --inline --hot --open --port 7070 --host 127.0.0.1'.
23 error Make sure you have the latest version of node.js and npm installed.
23 error If you do, this is most likely a problem with the webpackstudy package,
23 error not with npm itself.
23 error Tell the author that this fails on your system:
23 error     webpack-dev-server --inline --hot --open --port 7070 --host 127.0.0.1
23 error You can get information on how to open an issue for this project with:
23 error     npm bugs webpackstudy
23 error Or if that isn't available, you can get their info via:
23 error     npm owner ls webpackstudy
23 error There is likely additional logging output above.
24 verbose exit [ 1, true ]
